312c start_logger              154 ---- 2023/02/19 15:04:10.999 -------------------------------------------------
312c start_logger              160 Host process is 'cmd.exe' (pid 12588)
312c start_logger              164 DLL path is 'C:\html\cmder\vendor\clink'
312c start_logger              178 Windows version 10.0.19044 (x64)
312c start_logger              181 Clink version 1.2.46.69fc92 (x64)
312c hook_setter::hook_setter  156 >>> Started hook transaction.
312c hook_setter::attach_iat   313 Attempting to hook SetEnvironmentVariableW in IAT for module 00007FF6C0920000.
312c pe_info::iterate_imports  160 Found import in 'api-ms-win-core-processenvironment-l1-1-0.dll'
312c find_iat                  121 Found import at 00007FF6C0953860 (value is 00007FFB4C7CD790).
312c hook_setter::attach_iat   313 Attempting to hook WriteConsoleW in IAT for module 00007FF6C0920000.
312c pe_info::iterate_imports  160 Found import in 'api-ms-win-core-console-l1-1-0.dll'
312c find_iat                  121 Found import at 00007FF6C09534F8 (value is 00007FFB4C777670).
312c hook_setter::attach_iat   313 Attempting to hook GetEnvironmentVariableW in IAT for module 00007FF6C0920000.
312c pe_info::iterate_imports  160 Found import in 'api-ms-win-core-processenvironment-l1-1-0.dll'
312c find_iat                  121 Found import at 00007FF6C0953880 (value is 00007FFB4C795240).
312c hook_setter::commit       204 <<< Hook transaction committed.
312c hook_setter::hook_setter  156 >>> Started hook transaction.
312c hook_setter::detach_iat   356 Attempting to unhook 00007FFB1519ADF0 from GetEnvironmentVariableW in IAT for module 00007FF6C0920000.
312c pe_info::iterate_imports  160 Found import in 'api-ms-win-core-processenvironment-l1-1-0.dll'
312c find_iat                  121 Found import at 00007FF6C0953880 (value is 00007FFB1519ADF0).
312c hook_setter::commit       204 <<< Hook transaction committed.
312c hook_setter::hook_setter  156 >>> Started hook transaction.
312c hook_setter::attach_iat   313 Attempting to hook ReadConsoleW in IAT for module 00007FF6C0920000.
312c pe_info::iterate_imports  160 Found import in 'api-ms-win-core-console-l1-1-0.dll'
312c find_iat                  121 Found import at 00007FF6C09534E0 (value is 00007FFB4C862E90).
312c hook_setter::commit       204 <<< Hook transaction committed.
312c reset_handle              145 resetting mismatched stdout handle
312c win_screen_buffer::begin  227 Using native terminal support; found 'ConEmuHk64.dll'.
312c reset_handle              145 resetting mismatched stdout handle
312c reset_handle              145 resetting mismatched stderr handle
312c history_db::initialise   1268 master bank ctag: |CTAG_1667111489_421791843_8756_0
312c history_db::compact      1492 History:  36 active, 129 deleted
312c reset_handle              145 resetting mismatched stdout handle
312c history_db::compact      1492 History:  36 active, 130 deleted
312c reset_handle              145 resetting mismatched stdout handle
312c history_db::compact      1492 History:  36 active, 131 deleted
312c history_db::compact      1492 History:  36 active, 132 deleted
312c reset_handle              145 resetting mismatched stdout handle
312c history_db::compact      1492 History:  37 active, 132 deleted
312c reset_handle              145 resetting mismatched stdout handle
312c history_db::compact      1492 History:  37 active, 133 deleted
